<?xml version="1.0" encoding="utf-8"?><testsuites name="pytest tests"><testsuite name="pytest" errors="0" failures="0" skipped="0" tests="26" time="8.606" timestamp="2026-07-15T12:18:58.224026+00:00" hostname="agent-env-733f32c8-8602-4f3e-9fa7-458657bd1616"><testcase classname="tests.test_teraplayer_iter3.TestParseShareInput" name="test_plain_url" time="0.001" /><testcase classname="tests.test_teraplayer_iter3.TestPasswordErrorDetection" name="test_errno_minus_9_triggers" time="0.000" /><testcase classname="tests.test_teraplayer_iter3.TestPasswordErrorDetection" name="test_errno_105_triggers" time="0.000" /><testcase classname="tests.test_teraplayer_iter3.TestPasswordErrorDetection" name="test_string_wrong_password_triggers" time="0.000" /><testcase classname="tests.test_teraplayer_iter3.TestPasswordErrorDetection" name="test_string_incorrect_password_triggers" time="0.000" /><testcase classname="tests.test_teraplayer_iter3.TestPasswordErrorDetection" name="test_bare_pwd_does_not_trigger" time="0.000" /><testcase classname="tests.test_teraplayer_iter3.TestPasswordErrorDetection" name="test_bare_password_key_does_not_trigger" time="0.000" /><testcase classname="tests.test_teraplayer_iter3.TestPasswordErrorDetection" name="test_generic_error_does_not_trigger" time="0.000" /><testcase classname="tests.test_teraplayer_iter3.TestParseShareInput" name="test_password_colon" time="0.000" /><testcase classname="tests.test_teraplayer_iter3.TestParseShareInput" name="test_password_case_insensitive" time="0.000" /><testcase classname="tests.test_teraplayer_iter3.TestParseShareInput" name="test_pwd_equals" time="0.000" /><testcase classname="tests.test_teraplayer_iter3.TestParseShareInput" name="test_pipe_password" time="0.000" /><testcase classname="tests.test_teraplayer_iter3.TestPasswordErrorDetection" name="test_random_dict_does_not_trigger" time="0.000" /><testcase classname="tests.test_teraplayer_iter3.TestResponseSchema" name="test_password_incorrect_field_present[preview]" time="0.321" /><testcase classname="tests.test_teraplayer_iter3.TestParseShareInput" name="test_pass_keyword" time="0.000" /><testcase classname="tests.test_teraplayer_iter3.TestResolveOrchestrator" name="test_password_error_no_password_sent" time="0.035" /><testcase classname="tests.test_teraplayer_iter3.TestResolveOrchestrator" name="test_password_error_with_password_sent" time="0.020" /><testcase classname="tests.test_teraplayer_iter3.TestResolveOrchestrator" name="test_generic_error_no_false_positive" time="1.059" /><testcase classname="tests.test_teraplayer_iter3.TestResponseSchema" name="test_password_incorrect_field_present[watch]" time="0.057" /><testcase classname="tests.test_teraplayer_iter3.TestResponseSchema" name="test_password_incorrect_field_present[download]" time="0.052" /><testcase classname="tests.test_teraplayer_iter3.TestResponseSchema" name="test_password_incorrect_field_present[folder]" time="0.080" /><testcase classname="tests.test_teraplayer_iter3.TestUrlSanitizationAPI" name="test_inline_password_colon" time="2.691" /><testcase classname="tests.test_teraplayer_iter3.TestPreviewNoFalsePasswordFlag" name="test_non_terabox_url" time="0.136" /><testcase classname="tests.test_teraplayer_iter3.TestPreviewNoFalsePasswordFlag" name="test_invalid_share_short_link" time="4.068" /><testcase classname="tests.test_teraplayer_iter3.TestUrlSanitizationAPI" name="test_inline_pwd_equals" time="2.544" /><testcase classname="tests.test_teraplayer_iter3.TestPreviewNoFalsePasswordFlag" name="test_wellformed_dead_link" time="2.652" /></testsuite></testsuites>