<?xml version="1.0" encoding="utf-8"?><testsuites name="pytest tests"><testsuite name="pytest" errors="0" failures="0" skipped="0" tests="14" time="3.810" timestamp="2026-07-15T11:43:25.008542+00:00" hostname="agent-env-733f32c8-8602-4f3e-9fa7-458657bd1616"><testcase classname="tests.test_teraplayer_api.TestPreviewValidation" name="test_preview_rejects_non_terabox" time="0.173" /><testcase classname="tests.test_teraplayer_api.TestStream" name="test_stream_missing_url" time="0.178" /><testcase classname="tests.test_teraplayer_api.TestPreviewValidation" name="test_preview_dead_terabox_url_no_crash" time="2.922" /><testcase classname="tests.test_teraplayer_api.TestStream" name="test_stream_malformed_url" time="0.046" /><testcase classname="tests.test_teraplayer_api.TestStream" name="test_stream_invalid_upstream" time="0.080" /><testcase classname="tests.test_teraplayer_api.TestHistory" name="test_history_create_get_delete_flow" time="0.174" /><testcase classname="tests.test_teraplayer_api.TestHistory" name="test_history_clear_all" time="0.170" /><testcase classname="tests.test_teraplayer_api.TestHealth" name="test_health" time="0.046" /><testcase classname="tests.test_teraplayer_api.TestFavorites" name="test_favorites_flow_idempotent" time="0.176" /><testcase classname="tests.test_teraplayer_api.TestRateLimit" name="test_rapid_calls_no_500" time="0.738" /><testcase classname="tests.test_teraplayer_api.TestPreviewValidation" name="test_alias_endpoints_shape[watch]" time="0.044" /><testcase classname="tests.test_teraplayer_api.TestPreviewValidation" name="test_alias_endpoints_shape[download]" time="0.076" /><testcase classname="tests.test_teraplayer_api.TestPreviewValidation" name="test_alias_endpoints_shape[folder]" time="0.046" /><testcase classname="tests.test_teraplayer_api.TestPreviewValidation" name="test_preview_missing_url_field" time="0.042" /></testsuite></testsuites>