<?xml version="1.0" encoding="utf-8"?><testsuites name="pytest tests"><testsuite name="pytest" errors="0" failures="1" skipped="0" tests="20" time="7.310" timestamp="2026-07-15T11:59:21.996016+00:00" hostname="agent-env-733f32c8-8602-4f3e-9fa7-458657bd1616"><testcase classname="tests.test_teraplayer_iter2.TestAuth" name="test_auth_me_without_cookie_401" time="0.320" /><testcase classname="tests.test_teraplayer_iter2.TestPreviewPassword" name="test_preview_rejects_non_terabox" time="0.259" /><testcase classname="tests.test_teraplayer_iter2.TestPreviewPassword" name="test_preview_password_none" time="0.046" /><testcase classname="tests.test_teraplayer_iter2.TestPreviewPassword" name="test_preview_password_omitted" time="0.086" /><testcase classname="tests.test_teraplayer_iter2.TestAuth" name="test_auth_me_with_invalid_bearer_returns_401" time="0.099" /><testcase classname="tests.test_teraplayer_iter2.TestPreviewPassword" name="test_preview_password_string" time="0.044" /><testcase classname="tests.test_teraplayer_iter2.TestAuth" name="test_auth_session_bogus_returns_401_no_crash" time="0.184" /><testcase classname="tests.test_teraplayer_iter2.TestPreviewPassword" name="test_preview_dead_terabox_returns_password_required_field" time="6.009" /><testcase classname="tests.test_teraplayer_iter2.TestAuth" name="test_auth_logout_idempotent_no_session" time="0.118" /><testcase classname="tests.test_teraplayer_iter2.TestAuth" name="test_auth_me_with_valid_seeded_session" time="0.156" /><testcase classname="tests.test_teraplayer_iter2.TestRateLimit" name="test_burst_returns_429_no_500" time="3.342"><failure message="AssertionError: Expected 429 in [200, 200, 200, 200, 200, 200, 200, 200, 200, 200, 200, 200, 200, 200, 200]&#10;assert 429 in [200, 200, 200, 200, 200, 200, ...]">backend/tests/test_teraplayer_iter2.py:362: in test_burst_returns_429_no_500
    assert 429 in statuses, f"Expected 429 in {statuses[-15:]}"
E   AssertionError: Expected 429 in [200, 200, 200, 200, 200, 200, 200, 200, 200, 200, 200, 200, 200, 200, 200]
E   assert 429 in [200, 200, 200, 200, 200, 200, ...]</failure></testcase><testcase classname="tests.test_teraplayer_iter2.TestRateLimit" name="test_rate_limits_collection_has_ttl_index" time="0.001" /><testcase classname="tests.test_teraplayer_iter2.TestHealth" name="test_health" time="0.048" /><testcase classname="tests.test_teraplayer_iter2.TestHistoryAnonymous" name="test_history_create_get_delete" time="0.188" /><testcase classname="tests.test_teraplayer_iter2.TestHistoryInvalidBearer" name="test_invalid_bearer_falls_back_to_session" time="0.386" /><testcase classname="tests.test_teraplayer_iter2.TestHistoryAuthenticated" name="test_history_user_scoped" time="0.509" /><testcase classname="tests.test_teraplayer_iter2.TestFavoritesAuthenticated" name="test_favorites_user_scoped_and_idempotent" time="0.299" /><testcase classname="tests.test_teraplayer_iter2.TestPreviewPassword" name="test_alias_endpoints_accept_password[watch]" time="0.049" /><testcase classname="tests.test_teraplayer_iter2.TestPreviewPassword" name="test_alias_endpoints_accept_password[download]" time="0.046" /><testcase classname="tests.test_teraplayer_iter2.TestPreviewPassword" name="test_alias_endpoints_accept_password[folder]" time="0.056" /></testsuite></testsuites>